<?xml version="1.0" encoding="UTF-8"?>
<testng-results skipped="0" failed="1" ignored="0" total="4" passed="3">
  <reporter-output>
  </reporter-output>
  <suite name="Default suite" duration-ms="50187" started-at="2018-09-05T08:08:11Z" finished-at="2018-09-05T08:09:01Z">
    <groups>
    </groups>
    <test name="Default test" duration-ms="50187" started-at="2018-09-05T08:08:11Z" finished-at="2018-09-05T08:09:01Z">
      <class name="com.icam.qa.testcases.CreateStandardTest">
        <test-method status="PASS" signature="setUp()[pri:0, instance:com.icam.qa.testcases.CreateStandardTest@598067a5]" name="setUp" is-config="true" duration-ms="20930" started-at="2018-09-05T08:08:11Z" finished-at="2018-09-05T08:08:32Z">
          <reporter-output>
          </reporter-output>
        </test-method> <!-- setUp -->
        <test-method status="PASS" signature="standardCreationTest(java.lang.String, java.lang.String)[pri:1, instance:com.icam.qa.testcases.CreateStandardTest@598067a5]" name="standardCreationTest" duration-ms="8342" started-at="2018-09-05T08:08:34Z" data-provider="getIcamSheetData" finished-at="2018-09-05T08:08:42Z">
          <params>
            <param index="0">
              <value>
                <![CDATA[XIII]]>
              </value>
            </param>
            <param index="1">
              <value>
                <![CDATA[A,B]]>
              </value>
            </param>
          </params>
          <reporter-output>
          </reporter-output>
        </test-method> <!-- standardCreationTest -->
        <test-method status="PASS" signature="standardCreationTest(java.lang.String, java.lang.String)[pri:1, instance:com.icam.qa.testcases.CreateStandardTest@598067a5]" name="standardCreationTest" duration-ms="8537" started-at="2018-09-05T08:08:42Z" data-provider="getIcamSheetData" finished-at="2018-09-05T08:08:51Z">
          <params>
            <param index="0">
              <value>
                <![CDATA[XIV]]>
              </value>
            </param>
            <param index="1">
              <value>
                <![CDATA[A,B]]>
              </value>
            </param>
          </params>
          <reporter-output>
          </reporter-output>
        </test-method> <!-- standardCreationTest -->
        <test-method status="PASS" signature="standardCreationTest(java.lang.String, java.lang.String)[pri:1, instance:com.icam.qa.testcases.CreateStandardTest@598067a5]" name="standardCreationTest" duration-ms="7901" started-at="2018-09-05T08:08:51Z" data-provider="getIcamSheetData" finished-at="2018-09-05T08:08:59Z">
          <params>
            <param index="0">
              <value>
                <![CDATA[XV]]>
              </value>
            </param>
            <param index="1">
              <value>
                <![CDATA[A,B]]>
              </value>
            </param>
          </params>
          <reporter-output>
          </reporter-output>
        </test-method> <!-- standardCreationTest -->
        <test-method status="FAIL" signature="validateList()[pri:2, instance:com.icam.qa.testcases.CreateStandardTest@598067a5]" name="validateList" duration-ms="1623" started-at="2018-09-05T08:08:59Z" finished-at="2018-09-05T08:09:00Z">
          <exception class="org.openqa.selenium.InvalidSelectorException">
            <message>
              <![CDATA[invalid selector: Unable to locate an element with the xpath expression //*[@id='datatable-tabletools']/tbody/tr[ because of the following error:
SyntaxError: Failed to execute 'evaluate' on 'Document': The string '//*[@id='datatable-tabletools']/tbody/tr[' is not a valid XPath expression.
  (Session info: chrome=69.0.3497.72)
  (Driver info: chromedriver=2.35.528161 (5b82f2d2aae0ca24b877009200ced9065a772e73),platform=Windows NT 10.0.17134 x86_64) (WARNING: The server did not provide any stacktrace information)
Command duration or timeout: 0 milliseconds
For documentation on this error, please visit: http://seleniumhq.org/exceptions/invalid_selector_exception.html
Build info: version: '3.12.0', revision: '7c6e0b3', time: '2018-05-08T14:04:26.12Z'
System info: host: 'DESKTOP-UUE2DNC', ip: '192.168.1.100', os.name: 'Windows 10', os.arch: 'amd64', os.version: '10.0', java.version: '1.8.0_102'
Driver info: org.openqa.selenium.chrome.ChromeDriver
Capabilities {acceptInsecureCerts: false, acceptSslCerts: false, applicationCacheEnabled: false, browserConnectionEnabled: false, browserName: chrome, chrome: {chromedriverVersion: 2.35.528161 (5b82f2d2aae0ca..., userDataDir: C:\Users\User\AppData\Local...}, cssSelectorsEnabled: true, databaseEnabled: false, handlesAlerts: true, hasTouchScreen: false, javascriptEnabled: true, locationContextEnabled: true, mobileEmulationEnabled: false, nativeEvents: true, networkConnectionEnabled: false, pageLoadStrategy: normal, platform: XP, platformName: XP, rotatable: false, setWindowRect: true, takesHeapSnapshot: true, takesScreenshot: true, unexpectedAlertBehaviour: , unhandledPromptBehavior: , version: 69.0.3497.72, webStorageEnabled: true}
Session ID: 25c5835acf87df9d9897f2fa20be0532
*** Element info: {Using=xpath, value=//*[@id='datatable-tabletools']/tbody/tr[}]]>
            </message>
            <full-stacktrace>
              <![CDATA[org.openqa.selenium.InvalidSelectorException: invalid selector: Unable to locate an element with the xpath expression //*[@id='datatable-tabletools']/tbody/tr[ because of the following error:
SyntaxError: Failed to execute 'evaluate' on 'Document': The string '//*[@id='datatable-tabletools']/tbody/tr[' is not a valid XPath expression.
  (Session info: chrome=69.0.3497.72)
  (Driver info: chromedriver=2.35.528161 (5b82f2d2aae0ca24b877009200ced9065a772e73),platform=Windows NT 10.0.17134 x86_64) (WARNING: The server did not provide any stacktrace information)
Command duration or timeout: 0 milliseconds
For documentation on this error, please visit: http://seleniumhq.org/exceptions/invalid_selector_exception.html
Build info: version: '3.12.0', revision: '7c6e0b3', time: '2018-05-08T14:04:26.12Z'
System info: host: 'DESKTOP-UUE2DNC', ip: '192.168.1.100', os.name: 'Windows 10', os.arch: 'amd64', os.version: '10.0', java.version: '1.8.0_102'
Driver info: org.openqa.selenium.chrome.ChromeDriver
Capabilities {acceptInsecureCerts: false, acceptSslCerts: false, applicationCacheEnabled: false, browserConnectionEnabled: false, browserName: chrome, chrome: {chromedriverVersion: 2.35.528161 (5b82f2d2aae0ca..., userDataDir: C:\Users\User\AppData\Local...}, cssSelectorsEnabled: true, databaseEnabled: false, handlesAlerts: true, hasTouchScreen: false, javascriptEnabled: true, locationContextEnabled: true, mobileEmulationEnabled: false, nativeEvents: true, networkConnectionEnabled: false, pageLoadStrategy: normal, platform: XP, platformName: XP, rotatable: false, setWindowRect: true, takesHeapSnapshot: true, takesScreenshot: true, unexpectedAlertBehaviour: , unhandledPromptBehavior: , version: 69.0.3497.72, webStorageEnabled: true}
Session ID: 25c5835acf87df9d9897f2fa20be0532
*** Element info: {Using=xpath, value=//*[@id='datatable-tabletools']/tbody/tr[}
at sun.reflect.NativeConstructorAccessorImpl.newInstance0(Native Method)
at sun.reflect.NativeConstructorAccessorImpl.newInstance(Unknown Source)
at sun.reflect.DelegatingConstructorAccessorImpl.newInstance(Unknown Source)
at java.lang.reflect.Constructor.newInstance(Unknown Source)
at org.openqa.selenium.remote.ErrorHandler.createThrowable(ErrorHandler.java:214)
at org.openqa.selenium.remote.ErrorHandler.throwIfResponseFailed(ErrorHandler.java:166)
at org.openqa.selenium.remote.http.JsonHttpResponseCodec.reconstructValue(JsonHttpResponseCodec.java:40)
at org.openqa.selenium.remote.http.AbstractHttpResponseCodec.decode(AbstractHttpResponseCodec.java:80)
at org.openqa.selenium.remote.http.AbstractHttpResponseCodec.decode(AbstractHttpResponseCodec.java:44)
at org.openqa.selenium.remote.HttpCommandExecutor.execute(HttpCommandExecutor.java:158)
at org.openqa.selenium.remote.service.DriverCommandExecutor.execute(DriverCommandExecutor.java:83)
at org.openqa.selenium.remote.RemoteWebDriver.execute(RemoteWebDriver.java:543)
at org.openqa.selenium.remote.RemoteWebDriver.findElements(RemoteWebDriver.java:344)
at org.openqa.selenium.remote.RemoteWebDriver.findElementsByXPath(RemoteWebDriver.java:423)
at org.openqa.selenium.By$ByXPath.findElements(By.java:348)
at org.openqa.selenium.remote.RemoteWebDriver.findElements(RemoteWebDriver.java:305)
at sun.reflect.NativeMethodAccessorImpl.invoke0(Native Method)
at sun.reflect.NativeMethodAccessorImpl.invoke(Unknown Source)
at sun.reflect.DelegatingMethodAccessorImpl.invoke(Unknown Source)
at java.lang.reflect.Method.invoke(Unknown Source)
at org.openqa.selenium.support.events.EventFiringWebDriver.lambda$new$1(EventFiringWebDriver.java:103)
at com.sun.proxy.$Proxy8.findElements(Unknown Source)
at org.openqa.selenium.support.events.EventFiringWebDriver.findElements(EventFiringWebDriver.java:175)
at com.icam.qa.pages.CreateStandard.validateList(CreateStandard.java:38)
at com.icam.qa.testcases.CreateStandardTest.validateList(CreateStandardTest.java:53)
at sun.reflect.NativeMethodAccessorImpl.invoke0(Native Method)
at sun.reflect.NativeMethodAccessorImpl.invoke(Unknown Source)
at sun.reflect.DelegatingMethodAccessorImpl.invoke(Unknown Source)
at java.lang.reflect.Method.invoke(Unknown Source)
at org.testng.internal.MethodInvocationHelper.invokeMethod(MethodInvocationHelper.java:124)
at org.testng.internal.Invoker.invokeMethod(Invoker.java:583)
at org.testng.internal.Invoker.invokeTestMethod(Invoker.java:719)
at org.testng.internal.Invoker.invokeTestMethods(Invoker.java:989)
at org.testng.internal.TestMethodWorker.invokeTestMethods(TestMethodWorker.java:125)
at org.testng.internal.TestMethodWorker.run(TestMethodWorker.java:109)
at org.testng.TestRunner.privateRun(TestRunner.java:648)
at org.testng.TestRunner.run(TestRunner.java:505)
at org.testng.SuiteRunner.runTest(SuiteRunner.java:455)
at org.testng.SuiteRunner.runSequentially(SuiteRunner.java:450)
at org.testng.SuiteRunner.privateRun(SuiteRunner.java:415)
at org.testng.SuiteRunner.run(SuiteRunner.java:364)
at org.testng.SuiteRunnerWorker.runSuite(SuiteRunnerWorker.java:52)
at org.testng.SuiteRunnerWorker.run(SuiteRunnerWorker.java:84)
at org.testng.TestNG.runSuitesSequentially(TestNG.java:1208)
at org.testng.TestNG.runSuitesLocally(TestNG.java:1137)
at org.testng.TestNG.runSuites(TestNG.java:1049)
at org.testng.TestNG.run(TestNG.java:1017)
at org.testng.remote.AbstractRemoteTestNG.run(AbstractRemoteTestNG.java:114)
at org.testng.remote.RemoteTestNG.initAndRun(RemoteTestNG.java:251)
at org.testng.remote.RemoteTestNG.main(RemoteTestNG.java:77)
]]>
            </full-stacktrace>
          </exception> <!-- org.openqa.selenium.InvalidSelectorException -->
          <reporter-output>
          </reporter-output>
        </test-method> <!-- validateList -->
        <test-method status="PASS" signature="tearDown()[pri:0, instance:com.icam.qa.testcases.CreateStandardTest@598067a5]" name="tearDown" is-config="true" duration-ms="699" started-at="2018-09-05T08:09:00Z" finished-at="2018-09-05T08:09:01Z">
          <reporter-output>
          </reporter-output>
        </test-method> <!-- tearDown -->
      </class> <!-- com.icam.qa.testcases.CreateStandardTest -->
    </test> <!-- Default test -->
  </suite> <!-- Default suite -->
</testng-results>
