<?xml version="1.0" encoding="UTF-8"?>
<!-- Generated by org.testng.reporters.JUnitXMLReporter -->
<testsuite hostname="DESKTOP-UUE2DNC" ignored="0" name="Default test" tests="2" failures="0" timestamp="08 Oct 2018 06:03:58 GMT" time="38.032" errors="0">
  <testcase name="createResidenceTest" time="5.625" classname="com.icam.qa.testcases.CreateResidenceTest"/>
  <testcase name="validatePageTest" time="0.009" classname="com.icam.qa.testcases.CreateResidenceTest"/>
</testsuite> <!-- Default test -->
