<?xml version="1.0" encoding="UTF-8"?>
<!-- Generated by org.testng.reporters.JUnitXMLReporter -->
<testsuite hostname="DESKTOP-UUE2DNC" ignored="0" name="Default test" tests="4" failures="0" timestamp="13 Sep 2018 09:29:41 GMT" time="71.515" errors="0">
  <testcase name="standardCreationTest" time="11.982" classname="com.icam.qa.testcases.CreateStandardTest"/>
  <testcase name="standardCreationTest" time="11.737" classname="com.icam.qa.testcases.CreateStandardTest"/>
  <testcase name="standardCreationTest" time="11.481" classname="com.icam.qa.testcases.CreateStandardTest"/>
  <testcase name="validateList" time="16.505" classname="com.icam.qa.testcases.CreateStandardTest"/>
</testsuite> <!-- Default test -->
